{"name":"group-chat v1.0","hostname":"DESKTOP-MV9F3HU","pid":14356,"level":30,"msg":"server is running on http://localhost:3000","time":"2023-11-27T09:39:05.415Z","v":0}
{"name":"group-chat v1.0","hostname":"DESKTOP-MV9F3HU","pid":23080,"level":30,"msg":"server is running on http://localhost:3000","time":"2023-11-27T09:43:26.450Z","v":0}
{"name":"group-chat v1.0","hostname":"DESKTOP-MV9F3HU","pid":27020,"level":30,"msg":"server is running on http://localhost:3000","time":"2023-11-27T09:43:33.104Z","v":0}
{"name":"group-chat v1.0","hostname":"DESKTOP-MV9F3HU","pid":24284,"level":30,"msg":"server is running on http://localhost:3000","time":"2023-11-27T09:47:20.579Z","v":0}
{"name":"group-chat v1.0","hostname":"DESKTOP-MV9F3HU","pid":3296,"level":30,"msg":"server is running on http://localhost:3000","time":"2023-11-27T22:40:15.041Z","v":0}
{"name":"group-chat v1.0","hostname":"DESKTOP-MV9F3HU","pid":22104,"level":30,"msg":"server is running on http://localhost:3000","time":"2023-11-27T22:40:16.624Z","v":0}
{"name":"group-chat v1.0","hostname":"DESKTOP-MV9F3HU","pid":21196,"level":30,"msg":"server is running on http://localhost:3000","time":"2023-11-27T22:40:35.820Z","v":0}
{"name":"group-chat v1.0","hostname":"DESKTOP-MV9F3HU","pid":21196,"level":30,"msg":"a user connected.","time":"2023-11-27T22:40:49.657Z","v":0}
{"name":"group-chat v1.0","hostname":"DESKTOP-MV9F3HU","pid":21316,"level":30,"msg":"server is running on http://localhost:3000","time":"2023-11-27T22:41:43.384Z","v":0}
{"name":"group-chat v1.0","hostname":"DESKTOP-MV9F3HU","pid":26688,"level":30,"msg":"server is running on http://localhost:3000","time":"2023-11-27T22:43:28.102Z","v":0}
{"name":"group-chat v1.0","hostname":"DESKTOP-MV9F3HU","pid":25860,"level":30,"msg":"server is running on http://localhost:3000","time":"2023-11-27T22:44:08.988Z","v":0}
{"name":"group-chat v1.0","hostname":"DESKTOP-MV9F3HU","pid":25664,"level":30,"msg":"server is running on http://localhost:3000","time":"2023-11-27T22:46:05.333Z","v":0}
{"name":"group-chat v1.0","hostname":"DESKTOP-MV9F3HU","pid":18548,"level":30,"msg":"server is running on http://localhost:3000","time":"2023-11-27T22:46:11.983Z","v":0}
{"name":"group-chat v1.0","hostname":"DESKTOP-MV9F3HU","pid":27452,"level":30,"msg":"server is running on http://localhost:3000","time":"2023-11-27T22:46:30.316Z","v":0}
{"name":"group-chat v1.0","hostname":"DESKTOP-MV9F3HU","pid":6456,"level":30,"msg":"server is running on http://localhost:3000","time":"2023-11-27T22:48:59.630Z","v":0}
{"name":"group-chat v1.0","hostname":"DESKTOP-MV9F3HU","pid":21328,"level":30,"msg":"server is running on http://localhost:3000","time":"2023-11-27T22:51:40.125Z","v":0}
{"name":"group-chat v1.0","hostname":"DESKTOP-MV9F3HU","pid":10684,"level":30,"msg":"server is running on http://localhost:3000","time":"2023-11-27T22:57:15.779Z","v":0}
{"name":"group-chat v1.0","hostname":"DESKTOP-MV9F3HU","pid":7736,"level":30,"msg":"server is running on http://localhost:3000","time":"2023-11-27T22:57:26.719Z","v":0}
{"name":"group-chat v1.0","hostname":"DESKTOP-MV9F3HU","pid":20872,"level":30,"msg":"server is running on http://localhost:3000","time":"2023-11-27T22:57:42.916Z","v":0}
{"name":"group-chat v1.0","hostname":"DESKTOP-MV9F3HU","pid":12204,"level":30,"msg":"server is running on http://localhost:3000","time":"2023-11-27T22:57:51.620Z","v":0}
{"name":"group-chat v1.0","hostname":"DESKTOP-MV9F3HU","pid":17816,"level":30,"msg":"server is running on http://localhost:3000","time":"2023-11-27T23:00:34.990Z","v":0}
{"name":"group-chat v1.0","hostname":"DESKTOP-MV9F3HU","pid":22464,"level":30,"msg":"server is running on http://localhost:3000","time":"2023-11-27T23:01:31.821Z","v":0}
{"name":"group-chat v1.0","hostname":"DESKTOP-MV9F3HU","pid":14968,"level":30,"msg":"server is running on http://localhost:3000","time":"2023-11-27T23:03:59.810Z","v":0}
{"name":"group-chat v1.0","hostname":"DESKTOP-MV9F3HU","pid":14696,"level":30,"msg":"server is running on http://localhost:3000","time":"2023-11-27T23:06:05.581Z","v":0}
{"name":"group-chat v1.0","hostname":"DESKTOP-MV9F3HU","pid":3340,"level":30,"msg":"server is running on http://localhost:3000","time":"2023-11-27T23:13:56.323Z","v":0}
{"name":"group-chat v1.0","hostname":"DESKTOP-MV9F3HU","pid":25284,"level":30,"msg":"server is running on http://localhost:3000","time":"2023-11-28T07:23:51.864Z","v":0}
{"name":"group-chat v1.0","hostname":"DESKTOP-MV9F3HU","pid":25284,"level":50,"err":{"message":"io.broadcast is not a function","name":"TypeError","stack":"TypeError: io.broadcast is not a function\n    at messageEmit (C:\\Users\\DevEnv\\Desktop\\web_development\\Projects\\groupChatApp\\socket\\socket.js:19:8)\n    at exports.msgControllerPost (C:\\Users\\DevEnv\\Desktop\\web_development\\Projects\\groupChatApp\\controller\\msgController.js:45:9)\n    at process.processTicksAndRejections (node:internal/process/task_queues:95:5)"},"msg":"io.broadcast is not a function","time":"2023-11-28T07:24:30.648Z","v":0}
{"name":"group-chat v1.0","hostname":"DESKTOP-MV9F3HU","pid":25284,"level":50,"err":{"message":"io.broadcast is not a function","name":"TypeError","stack":"TypeError: io.broadcast is not a function\n    at messageEmit (C:\\Users\\DevEnv\\Desktop\\web_development\\Projects\\groupChatApp\\socket\\socket.js:19:8)\n    at exports.msgControllerPost (C:\\Users\\DevEnv\\Desktop\\web_development\\Projects\\groupChatApp\\controller\\msgController.js:45:9)\n    at process.processTicksAndRejections (node:internal/process/task_queues:95:5)"},"msg":"io.broadcast is not a function","time":"2023-11-28T07:24:41.155Z","v":0}
{"name":"group-chat v1.0","hostname":"DESKTOP-MV9F3HU","pid":21164,"level":30,"msg":"server is running on http://localhost:3000","time":"2023-11-28T07:25:45.919Z","v":0}
{"name":"group-chat v1.0","hostname":"DESKTOP-MV9F3HU","pid":21164,"level":50,"err":{"message":"Cannot read properties of undefined (reading 'emit')","name":"TypeError","stack":"TypeError: Cannot read properties of undefined (reading 'emit')\n    at messageEmit (C:\\Users\\DevEnv\\Desktop\\web_development\\Projects\\groupChatApp\\socket\\socket.js:19:18)\n    at exports.msgControllerPost (C:\\Users\\DevEnv\\Desktop\\web_development\\Projects\\groupChatApp\\controller\\msgController.js:45:9)\n    at process.processTicksAndRejections (node:internal/process/task_queues:95:5)"},"msg":"Cannot read properties of undefined (reading 'emit')","time":"2023-11-28T07:26:05.438Z","v":0}
{"name":"group-chat v1.0","hostname":"DESKTOP-MV9F3HU","pid":21988,"level":30,"msg":"server is running on http://localhost:3000","time":"2023-11-28T07:27:25.486Z","v":0}
{"name":"group-chat v1.0","hostname":"DESKTOP-MV9F3HU","pid":8964,"level":30,"msg":"server is running on http://localhost:3000","time":"2023-11-28T07:30:30.116Z","v":0}
{"name":"group-chat v1.0","hostname":"DESKTOP-MV9F3HU","pid":8964,"level":50,"err":{"message":"Cannot read properties of undefined (reading 'emit')","name":"TypeError","stack":"TypeError: Cannot read properties of undefined (reading 'emit')\n    at messageEmit (C:\\Users\\DevEnv\\Desktop\\web_development\\Projects\\groupChatApp\\socket\\socket.js:19:18)\n    at exports.msgControllerPost (C:\\Users\\DevEnv\\Desktop\\web_development\\Projects\\groupChatApp\\controller\\msgController.js:45:9)\n    at process.processTicksAndRejections (node:internal/process/task_queues:95:5)"},"msg":"Cannot read properties of undefined (reading 'emit')","time":"2023-11-28T07:30:38.524Z","v":0}
{"name":"group-chat v1.0","hostname":"DESKTOP-MV9F3HU","pid":18140,"level":30,"msg":"server is running on http://localhost:3000","time":"2023-11-28T07:31:31.987Z","v":0}
{"name":"group-chat v1.0","hostname":"DESKTOP-MV9F3HU","pid":18572,"level":30,"msg":"server is running on http://localhost:3000","time":"2023-11-29T07:17:41.181Z","v":0}
{"name":"group-chat v1.0","hostname":"DESKTOP-MV9F3HU","pid":29556,"level":30,"msg":"server is running on http://localhost:3000","time":"2023-11-29T08:54:22.001Z","v":0}
{"name":"group-chat v1.0","hostname":"DESKTOP-MV9F3HU","pid":31560,"level":30,"msg":"server is running on http://localhost:3000","time":"2023-11-29T08:54:44.622Z","v":0}
{"name":"group-chat v1.0","hostname":"DESKTOP-MV9F3HU","pid":11224,"level":30,"msg":"server is running on http://localhost:3000","time":"2023-11-29T08:54:48.363Z","v":0}
{"name":"group-chat v1.0","hostname":"DESKTOP-MV9F3HU","pid":13768,"level":30,"msg":"server is running on http://localhost:3000","time":"2023-11-29T08:55:31.021Z","v":0}
{"name":"group-chat v1.0","hostname":"DESKTOP-MV9F3HU","pid":22392,"level":30,"msg":"server is running on http://localhost:3000","time":"2023-11-29T09:06:17.697Z","v":0}
{"name":"group-chat v1.0","hostname":"DESKTOP-MV9F3HU","pid":26064,"level":30,"msg":"server is running on http://localhost:3000","time":"2023-11-29T09:07:12.316Z","v":0}
{"name":"group-chat v1.0","hostname":"DESKTOP-MV9F3HU","pid":23140,"level":30,"msg":"server is running on http://localhost:3000","time":"2023-11-29T09:07:46.083Z","v":0}
{"name":"group-chat v1.0","hostname":"DESKTOP-MV9F3HU","pid":20084,"level":30,"msg":"server is running on http://localhost:3000","time":"2023-11-29T09:08:11.812Z","v":0}
{"name":"group-chat v1.0","hostname":"DESKTOP-MV9F3HU","pid":36160,"level":30,"msg":"server is running on http://localhost:3000","time":"2023-11-29T09:11:47.390Z","v":0}
{"name":"group-chat v1.0","hostname":"DESKTOP-MV9F3HU","pid":36064,"level":30,"msg":"server is running on http://localhost:3000","time":"2023-11-29T09:19:31.122Z","v":0}
{"name":"group-chat v1.0","hostname":"DESKTOP-MV9F3HU","pid":23964,"level":30,"msg":"server is running on http://localhost:3000","time":"2023-11-29T09:20:21.947Z","v":0}
{"name":"group-chat v1.0","hostname":"DESKTOP-MV9F3HU","pid":23964,"level":50,"err":{"message":"result is not defined","name":"ReferenceError","stack":"ReferenceError: result is not defined\n    at exports.msgControllerPost (C:\\Users\\DevEnv\\Desktop\\web_development\\Projects\\groupChatApp\\controller\\msgController.js:50:32)\n    at Layer.handle [as handle_request] (C:\\Users\\DevEnv\\Desktop\\web_development\\Projects\\groupChatApp\\node_modules\\express\\lib\\router\\layer.js:95:5)\n    at next (C:\\Users\\DevEnv\\Desktop\\web_development\\Projects\\groupChatApp\\node_modules\\express\\lib\\router\\route.js:144:13)\n    at Route.dispatch (C:\\Users\\DevEnv\\Desktop\\web_development\\Projects\\groupChatApp\\node_modules\\express\\lib\\router\\route.js:114:3)\n    at Layer.handle [as handle_request] (C:\\Users\\DevEnv\\Desktop\\web_development\\Projects\\groupChatApp\\node_modules\\express\\lib\\router\\layer.js:95:5)\n    at C:\\Users\\DevEnv\\Desktop\\web_development\\Projects\\groupChatApp\\node_modules\\express\\lib\\router\\index.js:284:15\n    at Function.process_params (C:\\Users\\DevEnv\\Desktop\\web_development\\Projects\\groupChatApp\\node_modules\\express\\lib\\router\\index.js:346:12)\n    at next (C:\\Users\\DevEnv\\Desktop\\web_development\\Projects\\groupChatApp\\node_modules\\express\\lib\\router\\index.js:280:10)\n    at C:\\Users\\DevEnv\\Desktop\\web_development\\Projects\\groupChatApp\\node_modules\\body-parser\\lib\\read.js:137:5\n    at AsyncResource.runInAsyncScope (node:async_hooks:204:9)"},"msg":"result is not defined","time":"2023-11-29T09:22:00.659Z","v":0}
{"name":"group-chat v1.0","hostname":"DESKTOP-MV9F3HU","pid":35468,"level":30,"msg":"server is running on http://localhost:3000","time":"2023-11-29T09:22:40.351Z","v":0}
{"name":"group-chat v1.0","hostname":"DESKTOP-MV9F3HU","pid":27136,"level":30,"msg":"server is running on http://localhost:3000","time":"2023-11-29T09:23:59.864Z","v":0}
{"name":"group-chat v1.0","hostname":"DESKTOP-MV9F3HU","pid":29484,"level":30,"msg":"server is running on http://localhost:3000","time":"2023-11-29T09:24:05.663Z","v":0}
{"name":"group-chat v1.0","hostname":"DESKTOP-MV9F3HU","pid":33688,"level":30,"msg":"server is running on http://localhost:3000","time":"2023-11-29T09:26:46.641Z","v":0}
{"name":"group-chat v1.0","hostname":"DESKTOP-MV9F3HU","pid":34512,"level":30,"msg":"server is running on http://localhost:3000","time":"2023-11-29T09:33:25.584Z","v":0}
{"name":"group-chat v1.0","hostname":"DESKTOP-MV9F3HU","pid":29568,"level":30,"msg":"server is running on http://localhost:3000","time":"2023-11-29T09:34:51.062Z","v":0}
{"name":"group-chat v1.0","hostname":"DESKTOP-MV9F3HU","pid":11536,"level":30,"msg":"server is running on http://localhost:3000","time":"2023-11-29T09:34:54.379Z","v":0}
{"name":"group-chat v1.0","hostname":"DESKTOP-MV9F3HU","pid":7112,"level":30,"msg":"server is running on http://localhost:3000","time":"2023-11-29T09:35:12.697Z","v":0}
{"name":"group-chat v1.0","hostname":"DESKTOP-MV9F3HU","pid":30532,"level":30,"msg":"server is running on http://localhost:3000","time":"2023-11-29T09:36:33.373Z","v":0}
{"name":"group-chat v1.0","hostname":"DESKTOP-MV9F3HU","pid":31116,"level":30,"msg":"server is running on http://localhost:3000","time":"2023-11-29T09:45:41.050Z","v":0}
{"name":"group-chat v1.0","hostname":"DESKTOP-MV9F3HU","pid":35836,"level":30,"msg":"server is running on http://localhost:3000","time":"2023-11-29T09:46:06.693Z","v":0}
{"name":"group-chat v1.0","hostname":"DESKTOP-MV9F3HU","pid":29456,"level":30,"msg":"server is running on http://localhost:3000","time":"2023-11-29T09:46:54.338Z","v":0}
{"name":"group-chat v1.0","hostname":"DESKTOP-MV9F3HU","pid":6060,"level":30,"msg":"server is running on http://localhost:3000","time":"2023-11-29T09:47:33.579Z","v":0}
{"name":"group-chat v1.0","hostname":"DESKTOP-MV9F3HU","pid":35028,"level":30,"msg":"server is running on http://localhost:3000","time":"2023-11-29T09:48:19.766Z","v":0}
{"name":"group-chat v1.0","hostname":"DESKTOP-MV9F3HU","pid":34580,"level":30,"msg":"server is running on http://localhost:3000","time":"2023-11-29T09:50:08.346Z","v":0}
{"name":"group-chat v1.0","hostname":"DESKTOP-MV9F3HU","pid":18740,"level":30,"msg":"server is running on http://localhost:3000","time":"2023-11-29T09:56:22.934Z","v":0}
{"name":"group-chat v1.0","hostname":"DESKTOP-MV9F3HU","pid":20924,"level":30,"msg":"server is running on http://localhost:3000","time":"2023-11-29T09:56:26.056Z","v":0}
{"name":"group-chat v1.0","hostname":"DESKTOP-MV9F3HU","pid":10772,"level":30,"msg":"server is running on http://localhost:3000","time":"2023-11-29T09:57:13.135Z","v":0}
{"name":"group-chat v1.0","hostname":"DESKTOP-MV9F3HU","pid":29492,"level":30,"msg":"server is running on http://localhost:3000","time":"2023-11-29T09:58:00.997Z","v":0}
{"name":"group-chat v1.0","hostname":"DESKTOP-MV9F3HU","pid":32008,"level":30,"msg":"server is running on http://localhost:3000","time":"2023-11-29T09:59:15.466Z","v":0}
{"name":"group-chat v1.0","hostname":"DESKTOP-MV9F3HU","pid":24024,"level":30,"msg":"server is running on http://localhost:3000","time":"2023-11-29T10:00:27.840Z","v":0}
{"name":"group-chat v1.0","hostname":"DESKTOP-MV9F3HU","pid":24820,"level":30,"msg":"server is running on http://localhost:3000","time":"2023-11-29T10:00:54.830Z","v":0}
{"name":"group-chat v1.0","hostname":"DESKTOP-MV9F3HU","pid":31244,"level":30,"msg":"server is running on http://localhost:3000","time":"2023-11-29T10:01:20.807Z","v":0}
{"name":"group-chat v1.0","hostname":"DESKTOP-MV9F3HU","pid":20160,"level":30,"msg":"server is running on http://localhost:3000","time":"2023-11-29T10:02:12.563Z","v":0}
{"name":"group-chat v1.0","hostname":"DESKTOP-MV9F3HU","pid":35576,"level":30,"msg":"server is running on http://localhost:3000","time":"2023-11-29T10:03:57.864Z","v":0}
{"name":"group-chat v1.0","hostname":"DESKTOP-MV9F3HU","pid":35496,"level":30,"msg":"server is running on http://localhost:3000","time":"2023-11-29T10:04:18.201Z","v":0}
{"name":"group-chat v1.0","hostname":"DESKTOP-MV9F3HU","pid":25956,"level":30,"msg":"server is running on http://localhost:3000","time":"2023-11-29T10:05:54.507Z","v":0}
{"name":"group-chat v1.0","hostname":"DESKTOP-MV9F3HU","pid":4088,"level":30,"msg":"server is running on http://localhost:3000","time":"2023-11-29T10:09:35.381Z","v":0}
{"name":"group-chat v1.0","hostname":"DESKTOP-MV9F3HU","pid":36440,"level":30,"msg":"server is running on http://localhost:3000","time":"2023-11-29T10:10:01.740Z","v":0}
{"name":"group-chat v1.0","hostname":"DESKTOP-MV9F3HU","pid":27632,"level":30,"msg":"server is running on http://localhost:3000","time":"2023-11-29T10:10:05.254Z","v":0}
{"name":"group-chat v1.0","hostname":"DESKTOP-MV9F3HU","pid":28292,"level":30,"msg":"server is running on http://localhost:3000","time":"2023-11-29T10:10:23.117Z","v":0}
{"name":"group-chat v1.0","hostname":"DESKTOP-MV9F3HU","pid":2500,"level":30,"msg":"server is running on http://localhost:3000","time":"2023-11-29T10:26:56.425Z","v":0}
{"name":"group-chat v1.0","hostname":"DESKTOP-MV9F3HU","pid":11248,"level":30,"msg":"server is running on http://localhost:3000","time":"2023-11-29T10:28:31.125Z","v":0}
{"name":"group-chat v1.0","hostname":"DESKTOP-MV9F3HU","pid":11248,"level":50,"err":{"message":"User is not defined","name":"ReferenceError","stack":"ReferenceError: User is not defined\n    at exports.imgControllerPost (C:\\Users\\DevEnv\\Desktop\\web_development\\Projects\\groupChatApp\\controller\\imgController.js:17:28)\n    at Layer.handle [as handle_request] (C:\\Users\\DevEnv\\Desktop\\web_development\\Projects\\groupChatApp\\node_modules\\express\\lib\\router\\layer.js:95:5)\n    at next (C:\\Users\\DevEnv\\Desktop\\web_development\\Projects\\groupChatApp\\node_modules\\express\\lib\\router\\route.js:144:13)\n    at done (C:\\Users\\DevEnv\\Desktop\\web_development\\Projects\\groupChatApp\\node_modules\\multer\\lib\\make-middleware.js:45:7)\n    at indicateDone (C:\\Users\\DevEnv\\Desktop\\web_development\\Projects\\groupChatApp\\node_modules\\multer\\lib\\make-middleware.js:49:68)\n    at Multipart.<anonymous> (C:\\Users\\DevEnv\\Desktop\\web_development\\Projects\\groupChatApp\\node_modules\\multer\\lib\\make-middleware.js:166:7)\n    at Multipart.emit (node:events:513:28)\n    at Multipart.emit (node:domain:489:12)\n    at emitCloseNT (node:internal/streams/destroy:132:10)\n    at process.processTicksAndRejections (node:internal/process/task_queues:81:21)"},"msg":"User is not defined","time":"2023-11-29T10:28:46.174Z","v":0}
{"name":"group-chat v1.0","hostname":"DESKTOP-MV9F3HU","pid":30864,"level":30,"msg":"server is running on http://localhost:3000","time":"2023-11-29T10:29:19.777Z","v":0}
{"name":"group-chat v1.0","hostname":"DESKTOP-MV9F3HU","pid":14940,"level":30,"msg":"server is running on http://localhost:3000","time":"2023-11-29T10:31:45.850Z","v":0}
{"name":"group-chat v1.0","hostname":"DESKTOP-MV9F3HU","pid":13596,"level":30,"msg":"server is running on http://localhost:3000","time":"2023-11-29T10:32:32.325Z","v":0}
{"name":"group-chat v1.0","hostname":"DESKTOP-MV9F3HU","pid":30392,"level":30,"msg":"server is running on http://localhost:3000","time":"2023-11-29T10:33:19.230Z","v":0}
{"name":"group-chat v1.0","hostname":"DESKTOP-MV9F3HU","pid":31176,"level":30,"msg":"server is running on http://localhost:3000","time":"2023-11-29T10:33:58.569Z","v":0}
{"name":"group-chat v1.0","hostname":"DESKTOP-MV9F3HU","pid":35576,"level":30,"msg":"server is running on http://localhost:3000","time":"2023-11-29T10:52:15.939Z","v":0}
{"name":"group-chat v1.0","hostname":"DESKTOP-MV9F3HU","pid":33448,"level":30,"msg":"server is running on http://localhost:3000","time":"2023-11-29T10:53:33.628Z","v":0}
{"name":"group-chat v1.0","hostname":"DESKTOP-MV9F3HU","pid":31204,"level":30,"msg":"server is running on http://localhost:3000","time":"2023-11-29T10:54:26.473Z","v":0}
{"name":"group-chat v1.0","hostname":"DESKTOP-MV9F3HU","pid":15680,"level":30,"msg":"server is running on http://localhost:3000","time":"2023-11-29T10:55:31.032Z","v":0}
{"name":"group-chat v1.0","hostname":"DESKTOP-MV9F3HU","pid":24140,"level":30,"msg":"server is running on http://localhost:3000","time":"2023-11-29T10:55:37.559Z","v":0}
{"name":"group-chat v1.0","hostname":"DESKTOP-MV9F3HU","pid":14848,"level":30,"msg":"server is running on http://localhost:3000","time":"2023-11-29T10:56:59.127Z","v":0}
{"name":"group-chat v1.0","hostname":"DESKTOP-MV9F3HU","pid":26980,"level":30,"msg":"server is running on http://localhost:3000","time":"2023-11-29T10:57:02.196Z","v":0}
{"name":"group-chat v1.0","hostname":"DESKTOP-MV9F3HU","pid":32544,"level":30,"msg":"server is running on http://localhost:3000","time":"2023-11-29T10:57:20.211Z","v":0}
{"name":"group-chat v1.0","hostname":"DESKTOP-MV9F3HU","pid":31196,"level":30,"msg":"server is running on http://localhost:3000","time":"2023-11-29T10:59:00.417Z","v":0}
{"name":"group-chat v1.0","hostname":"DESKTOP-MV9F3HU","pid":23560,"level":30,"msg":"server is running on http://localhost:3000","time":"2023-11-29T10:59:06.676Z","v":0}
{"name":"group-chat v1.0","hostname":"DESKTOP-MV9F3HU","pid":19728,"level":30,"msg":"server is running on http://localhost:3000","time":"2023-11-29T11:00:11.652Z","v":0}
{"name":"group-chat v1.0","hostname":"DESKTOP-MV9F3HU","pid":11420,"level":30,"msg":"server is running on http://localhost:3000","time":"2023-11-29T11:00:27.374Z","v":0}
{"name":"group-chat v1.0","hostname":"DESKTOP-MV9F3HU","pid":32136,"level":30,"msg":"server is running on http://localhost:3000","time":"2023-11-29T11:03:19.288Z","v":0}
{"name":"group-chat v1.0","hostname":"DESKTOP-MV9F3HU","pid":31028,"level":30,"msg":"server is running on http://localhost:3000","time":"2023-11-29T11:04:23.244Z","v":0}
{"name":"group-chat v1.0","hostname":"DESKTOP-MV9F3HU","pid":18860,"level":30,"msg":"server is running on http://localhost:3000","time":"2023-11-29T11:09:54.315Z","v":0}
{"name":"group-chat v1.0","hostname":"DESKTOP-MV9F3HU","pid":36268,"level":30,"msg":"server is running on http://localhost:3000","time":"2023-11-29T11:11:22.921Z","v":0}
{"name":"group-chat v1.0","hostname":"DESKTOP-MV9F3HU","pid":19696,"level":30,"msg":"server is running on http://localhost:3000","time":"2023-11-29T11:11:38.163Z","v":0}
{"name":"group-chat v1.0","hostname":"DESKTOP-MV9F3HU","pid":24484,"level":30,"msg":"server is running on http://localhost:3000","time":"2023-11-29T11:12:32.987Z","v":0}
{"name":"group-chat v1.0","hostname":"DESKTOP-MV9F3HU","pid":10840,"level":30,"msg":"server is running on http://localhost:3000","time":"2023-11-29T11:15:03.909Z","v":0}
{"name":"group-chat v1.0","hostname":"DESKTOP-MV9F3HU","pid":35796,"level":30,"msg":"server is running on http://localhost:3000","time":"2023-11-29T11:18:52.017Z","v":0}
{"name":"group-chat v1.0","hostname":"DESKTOP-MV9F3HU","pid":35428,"level":30,"msg":"server is running on http://localhost:3000","time":"2023-11-29T11:19:09.354Z","v":0}
{"name":"group-chat v1.0","hostname":"DESKTOP-MV9F3HU","pid":29532,"level":30,"msg":"server is running on http://localhost:3000","time":"2023-11-29T11:19:13.500Z","v":0}
{"name":"group-chat v1.0","hostname":"DESKTOP-MV9F3HU","pid":34052,"level":30,"msg":"server is running on http://localhost:3000","time":"2023-11-29T11:20:08.699Z","v":0}
{"name":"group-chat v1.0","hostname":"DESKTOP-MV9F3HU","pid":34932,"level":30,"msg":"server is running on http://localhost:3000","time":"2023-11-29T11:20:16.514Z","v":0}
{"name":"group-chat v1.0","hostname":"DESKTOP-MV9F3HU","pid":32492,"level":30,"msg":"server is running on http://localhost:3000","time":"2023-11-29T11:26:48.990Z","v":0}
{"name":"group-chat v1.0","hostname":"DESKTOP-MV9F3HU","pid":29904,"level":30,"msg":"server is running on http://localhost:3000","time":"2023-11-29T11:27:33.087Z","v":0}
{"name":"group-chat v1.0","hostname":"DESKTOP-MV9F3HU","pid":10208,"level":30,"msg":"server is running on http://localhost:3000","time":"2023-11-29T11:27:37.475Z","v":0}
{"name":"group-chat v1.0","hostname":"DESKTOP-MV9F3HU","pid":30600,"level":30,"msg":"server is running on http://localhost:3000","time":"2023-11-29T11:28:15.027Z","v":0}
{"name":"group-chat v1.0","hostname":"DESKTOP-MV9F3HU","pid":36292,"level":30,"msg":"server is running on http://localhost:3000","time":"2023-11-29T11:29:31.355Z","v":0}
{"name":"group-chat v1.0","hostname":"DESKTOP-MV9F3HU","pid":33060,"level":30,"msg":"server is running on http://localhost:3000","time":"2023-11-29T11:29:57.920Z","v":0}
{"name":"group-chat v1.0","hostname":"DESKTOP-MV9F3HU","pid":33292,"level":30,"msg":"server is running on http://localhost:3000","time":"2023-11-29T11:30:16.756Z","v":0}
{"name":"group-chat v1.0","hostname":"DESKTOP-MV9F3HU","pid":2776,"level":30,"msg":"server is running on http://localhost:3000","time":"2023-11-29T11:31:46.131Z","v":0}
{"name":"group-chat v1.0","hostname":"DESKTOP-MV9F3HU","pid":33564,"level":30,"msg":"server is running on http://localhost:3000","time":"2023-11-29T11:33:09.133Z","v":0}
{"name":"group-chat v1.0","hostname":"DESKTOP-MV9F3HU","pid":28744,"level":30,"msg":"server is running on http://localhost:3000","time":"2023-11-29T11:34:28.405Z","v":0}
{"name":"group-chat v1.0","hostname":"DESKTOP-MV9F3HU","pid":19668,"level":30,"msg":"server is running on http://localhost:3000","time":"2023-11-29T11:34:42.386Z","v":0}
{"name":"group-chat v1.0","hostname":"DESKTOP-MV9F3HU","pid":14356,"level":30,"msg":"server is running on http://localhost:3000","time":"2023-11-29T11:34:52.069Z","v":0}
{"name":"group-chat v1.0","hostname":"DESKTOP-MV9F3HU","pid":35628,"level":30,"msg":"server is running on http://localhost:3000","time":"2023-11-29T11:35:08.600Z","v":0}
{"name":"group-chat v1.0","hostname":"DESKTOP-MV9F3HU","pid":14744,"level":30,"msg":"server is running on http://localhost:3000","time":"2023-11-29T11:36:25.105Z","v":0}
{"name":"group-chat v1.0","hostname":"DESKTOP-MV9F3HU","pid":34204,"level":30,"msg":"server is running on http://localhost:3000","time":"2023-11-29T11:38:50.879Z","v":0}
{"name":"group-chat v1.0","hostname":"DESKTOP-MV9F3HU","pid":34212,"level":30,"msg":"server is running on http://localhost:3000","time":"2023-11-29T11:39:47.014Z","v":0}
{"name":"group-chat v1.0","hostname":"DESKTOP-MV9F3HU","pid":26248,"level":30,"msg":"server is running on http://localhost:3000","time":"2023-11-29T11:42:17.037Z","v":0}
{"name":"group-chat v1.0","hostname":"DESKTOP-MV9F3HU","pid":31096,"level":30,"msg":"server is running on http://localhost:3000","time":"2023-11-29T11:42:43.922Z","v":0}
{"name":"group-chat v1.0","hostname":"DESKTOP-MV9F3HU","pid":30728,"level":30,"msg":"server is running on http://localhost:3000","time":"2023-11-29T11:43:03.005Z","v":0}
{"name":"group-chat v1.0","hostname":"DESKTOP-MV9F3HU","pid":24376,"level":30,"msg":"server is running on http://localhost:3000","time":"2023-11-29T11:43:08.889Z","v":0}
{"name":"group-chat v1.0","hostname":"DESKTOP-MV9F3HU","pid":36128,"level":30,"msg":"server is running on http://localhost:3000","time":"2023-11-29T11:45:12.751Z","v":0}
{"name":"group-chat v1.0","hostname":"DESKTOP-MV9F3HU","pid":27832,"level":30,"msg":"server is running on http://localhost:3000","time":"2023-11-29T11:45:26.999Z","v":0}
{"name":"group-chat v1.0","hostname":"DESKTOP-MV9F3HU","pid":32140,"level":30,"msg":"server is running on http://localhost:3000","time":"2023-11-29T11:47:09.330Z","v":0}
{"name":"group-chat v1.0","hostname":"DESKTOP-MV9F3HU","pid":22324,"level":30,"msg":"server is running on http://localhost:3000","time":"2023-11-29T11:47:39.930Z","v":0}
{"name":"group-chat v1.0","hostname":"DESKTOP-MV9F3HU","pid":31560,"level":30,"msg":"server is running on http://localhost:3000","time":"2023-11-29T11:47:45.131Z","v":0}
{"name":"group-chat v1.0","hostname":"DESKTOP-MV9F3HU","pid":1864,"level":30,"msg":"server is running on http://localhost:3000","time":"2023-11-29T11:48:06.236Z","v":0}
{"name":"group-chat v1.0","hostname":"DESKTOP-MV9F3HU","pid":21024,"level":30,"msg":"server is running on http://localhost:3000","time":"2023-11-29T11:51:03.544Z","v":0}
{"name":"group-chat v1.0","hostname":"DESKTOP-MV9F3HU","pid":16056,"level":30,"msg":"server is running on http://localhost:3000","time":"2023-11-29T11:51:14.650Z","v":0}
{"name":"group-chat v1.0","hostname":"DESKTOP-MV9F3HU","pid":15756,"level":30,"msg":"server is running on http://localhost:3000","time":"2023-11-29T11:51:21.787Z","v":0}
{"name":"group-chat v1.0","hostname":"DESKTOP-MV9F3HU","pid":32148,"level":30,"msg":"server is running on http://localhost:3000","time":"2023-11-29T11:51:38.447Z","v":0}
{"name":"group-chat v1.0","hostname":"DESKTOP-MV9F3HU","pid":33996,"level":30,"msg":"server is running on http://localhost:3000","time":"2023-11-29T11:51:49.483Z","v":0}
{"name":"group-chat v1.0","hostname":"DESKTOP-MV9F3HU","pid":29596,"level":30,"msg":"server is running on http://localhost:3000","time":"2023-11-29T12:11:49.817Z","v":0}
{"name":"group-chat v1.0","hostname":"DESKTOP-MV9F3HU","pid":9112,"level":30,"msg":"server is running on http://localhost:3000","time":"2023-11-29T12:12:55.444Z","v":0}
{"name":"group-chat v1.0","hostname":"DESKTOP-MV9F3HU","pid":12100,"level":30,"msg":"server is running on http://localhost:3000","time":"2023-11-29T12:14:23.322Z","v":0}
{"name":"group-chat v1.0","hostname":"DESKTOP-MV9F3HU","pid":35476,"level":30,"msg":"server is running on http://localhost:3000","time":"2023-11-29T12:14:51.377Z","v":0}
{"name":"group-chat v1.0","hostname":"DESKTOP-MV9F3HU","pid":24544,"level":30,"msg":"server is running on http://localhost:3000","time":"2023-11-29T12:29:37.547Z","v":0}
{"name":"group-chat v1.0","hostname":"DESKTOP-MV9F3HU","pid":21896,"level":30,"msg":"server is running on http://localhost:3000","time":"2023-11-29T12:30:45.318Z","v":0}
{"name":"group-chat v1.0","hostname":"DESKTOP-MV9F3HU","pid":32664,"level":30,"msg":"server is running on http://localhost:3000","time":"2023-11-29T12:31:57.665Z","v":0}
{"name":"group-chat v1.0","hostname":"DESKTOP-MV9F3HU","pid":34372,"level":30,"msg":"server is running on http://localhost:3000","time":"2023-11-29T13:10:43.782Z","v":0}
{"name":"group-chat v1.0","hostname":"DESKTOP-MV9F3HU","pid":9668,"level":30,"msg":"server is running on http://localhost:3000","time":"2023-11-29T13:30:58.950Z","v":0}
{"name":"group-chat v1.0","hostname":"DESKTOP-MV9F3HU","pid":6536,"level":30,"msg":"server is running on http://localhost:3000","time":"2023-11-29T13:31:26.891Z","v":0}
{"name":"group-chat v1.0","hostname":"DESKTOP-MV9F3HU","pid":29920,"level":30,"msg":"server is running on http://localhost:3000","time":"2023-11-29T13:34:11.210Z","v":0}
{"name":"group-chat v1.0","hostname":"DESKTOP-MV9F3HU","pid":14068,"level":30,"msg":"server is running on http://localhost:3000","time":"2023-11-29T13:34:48.871Z","v":0}
{"name":"group-chat v1.0","hostname":"DESKTOP-MV9F3HU","pid":3824,"level":30,"msg":"server is running on http://localhost:3000","time":"2023-11-29T13:35:05.218Z","v":0}
{"name":"group-chat v1.0","hostname":"DESKTOP-MV9F3HU","pid":3980,"level":30,"msg":"server is running on http://localhost:3000","time":"2023-11-29T13:36:38.172Z","v":0}
{"name":"group-chat v1.0","hostname":"DESKTOP-MV9F3HU","pid":13256,"level":30,"msg":"server is running on http://localhost:3000","time":"2023-11-29T13:37:24.504Z","v":0}
{"name":"group-chat v1.0","hostname":"DESKTOP-MV9F3HU","pid":36432,"level":30,"msg":"server is running on http://localhost:3000","time":"2023-11-29T13:37:46.954Z","v":0}
{"name":"group-chat v1.0","hostname":"DESKTOP-MV9F3HU","pid":4088,"level":30,"msg":"server is running on http://localhost:3000","time":"2023-11-29T13:38:08.299Z","v":0}
{"name":"group-chat v1.0","hostname":"DESKTOP-MV9F3HU","pid":31504,"level":30,"msg":"server is running on http://localhost:3000","time":"2023-11-29T13:40:35.746Z","v":0}
{"name":"group-chat v1.0","hostname":"DESKTOP-MV9F3HU","pid":30968,"level":30,"msg":"server is running on http://localhost:3000","time":"2023-11-29T13:40:57.812Z","v":0}
{"name":"group-chat v1.0","hostname":"DESKTOP-MV9F3HU","pid":26924,"level":30,"msg":"server is running on http://localhost:3000","time":"2023-11-29T13:41:45.903Z","v":0}
{"name":"group-chat v1.0","hostname":"DESKTOP-MV9F3HU","pid":32636,"level":30,"msg":"server is running on http://localhost:3000","time":"2023-11-29T13:42:05.454Z","v":0}
{"name":"group-chat v1.0","hostname":"DESKTOP-MV9F3HU","pid":30948,"level":30,"msg":"server is running on http://localhost:3000","time":"2023-11-29T13:43:47.551Z","v":0}
{"name":"group-chat v1.0","hostname":"DESKTOP-MV9F3HU","pid":32220,"level":30,"msg":"server is running on http://localhost:3000","time":"2023-11-29T13:45:16.971Z","v":0}
{"name":"group-chat v1.0","hostname":"DESKTOP-MV9F3HU","pid":30256,"level":30,"msg":"server is running on http://localhost:3000","time":"2023-11-29T13:45:51.243Z","v":0}
{"name":"group-chat v1.0","hostname":"DESKTOP-MV9F3HU","pid":7940,"level":30,"msg":"server is running on http://localhost:3000","time":"2023-11-29T13:46:20.082Z","v":0}
{"name":"group-chat v1.0","hostname":"DESKTOP-MV9F3HU","pid":10864,"level":30,"msg":"server is running on http://localhost:3000","time":"2023-11-29T13:46:52.494Z","v":0}
{"name":"group-chat v1.0","hostname":"DESKTOP-MV9F3HU","pid":28852,"level":30,"msg":"server is running on http://localhost:3000","time":"2023-11-29T13:47:36.107Z","v":0}
{"name":"group-chat v1.0","hostname":"DESKTOP-MV9F3HU","pid":30844,"level":30,"msg":"server is running on http://localhost:3000","time":"2023-11-29T13:48:01.310Z","v":0}
{"name":"group-chat v1.0","hostname":"DESKTOP-MV9F3HU","pid":28380,"level":30,"msg":"server is running on http://localhost:3000","time":"2023-11-29T13:48:16.183Z","v":0}
{"name":"group-chat v1.0","hostname":"DESKTOP-MV9F3HU","pid":29740,"level":30,"msg":"server is running on http://localhost:3000","time":"2023-11-29T13:49:58.649Z","v":0}
{"name":"group-chat v1.0","hostname":"DESKTOP-MV9F3HU","pid":35356,"level":30,"msg":"server is running on http://localhost:3000","time":"2023-11-29T13:50:20.613Z","v":0}
{"name":"group-chat v1.0","hostname":"DESKTOP-MV9F3HU","pid":15016,"level":30,"msg":"server is running on http://localhost:3000","time":"2023-11-29T13:50:49.135Z","v":0}
{"name":"group-chat v1.0","hostname":"DESKTOP-MV9F3HU","pid":14124,"level":30,"msg":"server is running on http://localhost:3000","time":"2023-11-29T13:53:43.345Z","v":0}
{"name":"group-chat v1.0","hostname":"DESKTOP-MV9F3HU","pid":1540,"level":30,"msg":"server is running on http://localhost:3000","time":"2023-11-29T13:54:05.651Z","v":0}
{"name":"group-chat v1.0","hostname":"DESKTOP-MV9F3HU","pid":9056,"level":30,"msg":"server is running on http://localhost:3000","time":"2023-11-29T13:54:18.741Z","v":0}
{"name":"group-chat v1.0","hostname":"DESKTOP-MV9F3HU","pid":36104,"level":30,"msg":"server is running on http://localhost:3000","time":"2023-11-29T13:54:31.654Z","v":0}
{"name":"group-chat v1.0","hostname":"DESKTOP-MV9F3HU","pid":16112,"level":30,"msg":"server is running on http://localhost:3000","time":"2023-11-29T13:54:56.724Z","v":0}
{"name":"group-chat v1.0","hostname":"DESKTOP-MV9F3HU","pid":35404,"level":30,"msg":"server is running on http://localhost:3000","time":"2023-11-29T13:55:12.048Z","v":0}
{"name":"group-chat v1.0","hostname":"DESKTOP-MV9F3HU","pid":35028,"level":30,"msg":"server is running on http://localhost:3000","time":"2023-11-29T13:55:21.848Z","v":0}
{"name":"group-chat v1.0","hostname":"DESKTOP-MV9F3HU","pid":12672,"level":30,"msg":"server is running on http://localhost:3000","time":"2023-11-29T13:55:28.990Z","v":0}
{"name":"group-chat v1.0","hostname":"DESKTOP-MV9F3HU","pid":35524,"level":30,"msg":"server is running on http://localhost:3000","time":"2023-11-29T13:58:57.277Z","v":0}
{"name":"group-chat v1.0","hostname":"DESKTOP-MV9F3HU","pid":24812,"level":30,"msg":"server is running on http://localhost:3000","time":"2023-11-29T14:00:13.477Z","v":0}
{"name":"group-chat v1.0","hostname":"DESKTOP-MV9F3HU","pid":1152,"level":30,"msg":"server is running on http://localhost:3000","time":"2023-11-29T14:00:23.828Z","v":0}
{"name":"group-chat v1.0","hostname":"DESKTOP-MV9F3HU","pid":35028,"level":30,"msg":"server is running on http://localhost:3000","time":"2023-11-29T14:04:01.782Z","v":0}
{"name":"group-chat v1.0","hostname":"DESKTOP-MV9F3HU","pid":25888,"level":30,"msg":"server is running on http://localhost:3000","time":"2023-11-29T14:04:20.769Z","v":0}
{"name":"group-chat v1.0","hostname":"DESKTOP-MV9F3HU","pid":30864,"level":30,"msg":"server is running on http://localhost:3000","time":"2023-11-29T14:04:56.131Z","v":0}
{"name":"group-chat v1.0","hostname":"DESKTOP-MV9F3HU","pid":19288,"level":30,"msg":"server is running on http://localhost:3000","time":"2023-11-29T14:07:29.395Z","v":0}
{"name":"group-chat v1.0","hostname":"DESKTOP-MV9F3HU","pid":11396,"level":30,"msg":"server is running on http://localhost:3000","time":"2023-11-29T14:07:36.651Z","v":0}
{"name":"group-chat v1.0","hostname":"DESKTOP-MV9F3HU","pid":32080,"level":30,"msg":"server is running on http://localhost:3000","time":"2023-11-29T14:08:47.549Z","v":0}
{"name":"group-chat v1.0","hostname":"DESKTOP-MV9F3HU","pid":25852,"level":30,"msg":"server is running on http://localhost:3000","time":"2023-11-29T14:09:23.989Z","v":0}
{"name":"group-chat v1.0","hostname":"DESKTOP-MV9F3HU","pid":17936,"level":30,"msg":"server is running on http://localhost:3000","time":"2023-11-29T14:35:36.010Z","v":0}
{"name":"group-chat v1.0","hostname":"DESKTOP-MV9F3HU","pid":28352,"level":30,"msg":"server is running on http://localhost:3000","time":"2023-11-29T14:36:07.842Z","v":0}
{"name":"group-chat v1.0","hostname":"DESKTOP-MV9F3HU","pid":17880,"level":30,"msg":"server is running on http://localhost:3000","time":"2023-11-29T14:38:03.071Z","v":0}
{"name":"group-chat v1.0","hostname":"DESKTOP-MV9F3HU","pid":35220,"level":30,"msg":"server is running on http://localhost:3000","time":"2023-11-29T14:38:27.600Z","v":0}
{"name":"group-chat v1.0","hostname":"DESKTOP-MV9F3HU","pid":30072,"level":30,"msg":"server is running on http://localhost:3000","time":"2023-11-29T14:38:38.695Z","v":0}
{"name":"group-chat v1.0","hostname":"DESKTOP-MV9F3HU","pid":35828,"level":30,"msg":"server is running on http://localhost:3000","time":"2023-11-29T14:38:50.987Z","v":0}
{"name":"group-chat v1.0","hostname":"DESKTOP-MV9F3HU","pid":30320,"level":30,"msg":"server is running on http://localhost:3000","time":"2023-11-29T14:40:24.423Z","v":0}
{"name":"group-chat v1.0","hostname":"DESKTOP-MV9F3HU","pid":20468,"level":30,"msg":"server is running on http://localhost:3000","time":"2023-11-29T14:42:08.901Z","v":0}
{"name":"group-chat v1.0","hostname":"DESKTOP-MV9F3HU","pid":13244,"level":30,"msg":"server is running on http://localhost:3000","time":"2023-11-29T14:42:38.358Z","v":0}
{"name":"group-chat v1.0","hostname":"DESKTOP-MV9F3HU","pid":30188,"level":30,"msg":"server is running on http://localhost:3000","time":"2023-11-29T14:43:46.290Z","v":0}
{"name":"group-chat v1.0","hostname":"DESKTOP-MV9F3HU","pid":23424,"level":30,"msg":"server is running on http://localhost:3000","time":"2023-11-29T14:43:54.391Z","v":0}
{"name":"group-chat v1.0","hostname":"DESKTOP-MV9F3HU","pid":35784,"level":30,"msg":"server is running on http://localhost:3000","time":"2023-11-29T14:44:53.874Z","v":0}
{"name":"group-chat v1.0","hostname":"DESKTOP-MV9F3HU","pid":16548,"level":30,"msg":"server is running on http://localhost:3000","time":"2023-11-29T14:45:22.166Z","v":0}
{"name":"group-chat v1.0","hostname":"DESKTOP-MV9F3HU","pid":2524,"level":30,"msg":"server is running on http://localhost:3000","time":"2023-11-29T14:45:38.262Z","v":0}
{"name":"group-chat v1.0","hostname":"DESKTOP-MV9F3HU","pid":35120,"level":30,"msg":"server is running on http://localhost:3000","time":"2023-11-29T14:45:55.077Z","v":0}
{"name":"group-chat v1.0","hostname":"DESKTOP-MV9F3HU","pid":10432,"level":30,"msg":"server is running on http://localhost:3000","time":"2023-11-29T14:46:45.178Z","v":0}
{"name":"group-chat v1.0","hostname":"DESKTOP-MV9F3HU","pid":30864,"level":30,"msg":"server is running on http://localhost:3000","time":"2023-11-29T14:47:26.853Z","v":0}
{"name":"group-chat v1.0","hostname":"DESKTOP-MV9F3HU","pid":19592,"level":30,"msg":"server is running on http://localhost:3000","time":"2023-11-29T14:48:44.457Z","v":0}
{"name":"group-chat v1.0","hostname":"DESKTOP-MV9F3HU","pid":4328,"level":30,"msg":"server is running on http://localhost:3000","time":"2023-11-29T14:50:11.103Z","v":0}
{"name":"group-chat v1.0","hostname":"DESKTOP-MV9F3HU","pid":31104,"level":30,"msg":"server is running on http://localhost:3000","time":"2023-11-29T14:50:14.542Z","v":0}
{"name":"group-chat v1.0","hostname":"DESKTOP-MV9F3HU","pid":34964,"level":30,"msg":"server is running on http://localhost:3000","time":"2023-11-29T14:50:50.304Z","v":0}
{"name":"group-chat v1.0","hostname":"DESKTOP-MV9F3HU","pid":32416,"level":30,"msg":"server is running on http://localhost:3000","time":"2023-11-29T14:52:00.770Z","v":0}
{"name":"group-chat v1.0","hostname":"DESKTOP-MV9F3HU","pid":20640,"level":30,"msg":"server is running on http://localhost:3000","time":"2023-11-29T14:53:20.799Z","v":0}
{"name":"group-chat v1.0","hostname":"DESKTOP-MV9F3HU","pid":25824,"level":30,"msg":"server is running on http://localhost:3000","time":"2023-11-29T14:53:38.196Z","v":0}
{"name":"group-chat v1.0","hostname":"DESKTOP-MV9F3HU","pid":33528,"level":30,"msg":"server is running on http://localhost:3000","time":"2023-11-29T14:54:05.658Z","v":0}
{"name":"group-chat v1.0","hostname":"DESKTOP-MV9F3HU","pid":25944,"level":30,"msg":"server is running on http://localhost:3000","time":"2023-11-29T14:54:40.240Z","v":0}
{"name":"group-chat v1.0","hostname":"DESKTOP-MV9F3HU","pid":31448,"level":30,"msg":"server is running on http://localhost:3000","time":"2023-11-29T14:54:48.382Z","v":0}
{"name":"group-chat v1.0","hostname":"DESKTOP-MV9F3HU","pid":33860,"level":30,"msg":"server is running on http://localhost:3000","time":"2023-11-29T14:58:03.953Z","v":0}
{"name":"group-chat v1.0","hostname":"DESKTOP-MV9F3HU","pid":14052,"level":30,"msg":"server is running on http://localhost:3000","time":"2023-11-29T14:58:44.242Z","v":0}
{"name":"group-chat v1.0","hostname":"DESKTOP-MV9F3HU","pid":34576,"level":30,"msg":"server is running on http://localhost:3000","time":"2023-11-29T14:58:53.097Z","v":0}
{"name":"group-chat v1.0","hostname":"DESKTOP-MV9F3HU","pid":32104,"level":30,"msg":"server is running on http://localhost:3000","time":"2023-11-29T14:59:14.639Z","v":0}
{"name":"group-chat v1.0","hostname":"DESKTOP-MV9F3HU","pid":29960,"level":30,"msg":"server is running on http://localhost:3000","time":"2023-11-29T14:59:57.585Z","v":0}
{"name":"group-chat v1.0","hostname":"DESKTOP-MV9F3HU","pid":17548,"level":30,"msg":"server is running on http://localhost:3000","time":"2023-11-29T15:00:20.511Z","v":0}
{"name":"group-chat v1.0","hostname":"DESKTOP-MV9F3HU","pid":33940,"level":30,"msg":"server is running on http://localhost:3000","time":"2023-11-29T15:00:22.333Z","v":0}
{"name":"group-chat v1.0","hostname":"DESKTOP-MV9F3HU","pid":17876,"level":30,"msg":"server is running on http://localhost:3000","time":"2023-11-29T15:00:23.925Z","v":0}
{"name":"group-chat v1.0","hostname":"DESKTOP-MV9F3HU","pid":35040,"level":30,"msg":"server is running on http://localhost:3000","time":"2023-11-29T15:01:14.405Z","v":0}
{"name":"group-chat v1.0","hostname":"DESKTOP-MV9F3HU","pid":36492,"level":30,"msg":"server is running on http://localhost:3000","time":"2023-11-29T15:01:52.950Z","v":0}
{"name":"group-chat v1.0","hostname":"DESKTOP-MV9F3HU","pid":36088,"level":30,"msg":"server is running on http://localhost:3000","time":"2023-11-29T15:03:49.233Z","v":0}
{"name":"group-chat v1.0","hostname":"DESKTOP-MV9F3HU","pid":33824,"level":30,"msg":"server is running on http://localhost:3000","time":"2023-11-29T15:04:28.347Z","v":0}
{"name":"group-chat v1.0","hostname":"DESKTOP-MV9F3HU","pid":35568,"level":30,"msg":"server is running on http://localhost:3000","time":"2023-11-29T15:05:05.267Z","v":0}
{"name":"group-chat v1.0","hostname":"DESKTOP-MV9F3HU","pid":23560,"level":30,"msg":"server is running on http://localhost:3000","time":"2023-11-29T15:07:07.138Z","v":0}
{"name":"group-chat v1.0","hostname":"DESKTOP-MV9F3HU","pid":36004,"level":30,"msg":"server is running on http://localhost:3000","time":"2023-11-29T15:07:50.770Z","v":0}
{"name":"group-chat v1.0","hostname":"DESKTOP-MV9F3HU","pid":35456,"level":30,"msg":"server is running on http://localhost:3000","time":"2023-11-29T18:40:34.694Z","v":0}
{"name":"group-chat v1.0","hostname":"DESKTOP-MV9F3HU","pid":34568,"level":30,"msg":"server is running on http://localhost:3000","time":"2023-11-29T18:40:52.694Z","v":0}
{"name":"group-chat v1.0","hostname":"DESKTOP-MV9F3HU","pid":34716,"level":30,"msg":"server is running on http://localhost:3000","time":"2023-11-29T19:00:10.133Z","v":0}
{"name":"group-chat v1.0","hostname":"DESKTOP-MV9F3HU","pid":26136,"level":50,"err":{"message":"Unknown or incorrect time zone: '00:00'","name":"SequelizeConnectionError","stack":"SequelizeConnectionError: Unknown or incorrect time zone: '00:00'\n    at ConnectionManager.connect (C:\\Users\\DevEnv\\Desktop\\web_development\\Projects\\groupChatApp\\node_modules\\sequelize\\lib\\dialects\\mysql\\connection-manager.js:102:17)\n    at process.processTicksAndRejections (node:internal/process/task_queues:95:5)\n    at async ConnectionManager._connect (C:\\Users\\DevEnv\\Desktop\\web_development\\Projects\\groupChatApp\\node_modules\\sequelize\\lib\\dialects\\abstract\\connection-manager.js:222:24)\n    at async C:\\Users\\DevEnv\\Desktop\\web_development\\Projects\\groupChatApp\\node_modules\\sequelize\\lib\\dialects\\abstract\\connection-manager.js:174:32\n    at async ConnectionManager.getConnection (C:\\Users\\DevEnv\\Desktop\\web_development\\Projects\\groupChatApp\\node_modules\\sequelize\\lib\\dialects\\abstract\\connection-manager.js:197:7)\n    at async C:\\Users\\DevEnv\\Desktop\\web_development\\Projects\\groupChatApp\\node_modules\\sequelize\\lib\\sequelize.js:305:26\n    at async MySQLQueryInterface.tableExists (C:\\Users\\DevEnv\\Desktop\\web_development\\Projects\\groupChatApp\\node_modules\\sequelize\\lib\\dialects\\abstract\\query-interface.js:102:17)\n    at async user.sync (C:\\Users\\DevEnv\\Desktop\\web_development\\Projects\\groupChatApp\\node_modules\\sequelize\\lib\\model.js:939:21)\n    at async Sequelize.sync (C:\\Users\\DevEnv\\Desktop\\web_development\\Projects\\groupChatApp\\node_modules\\sequelize\\lib\\sequelize.js:377:9)\n    at async C:\\Users\\DevEnv\\Desktop\\web_development\\Projects\\groupChatApp\\app.js:99:9"},"msg":"Unknown or incorrect time zone: '00:00'","time":"2023-11-29T19:01:19.620Z","v":0}
{"name":"group-chat v1.0","hostname":"DESKTOP-MV9F3HU","pid":23244,"level":30,"msg":"server is running on http://localhost:3000","time":"2023-11-29T19:01:33.302Z","v":0}
{"name":"group-chat v1.0","hostname":"DESKTOP-MV9F3HU","pid":23244,"level":50,"err":{"message":"Table 'group-chat.messages' doesn't exist","name":"SequelizeDatabaseError","stack":"Error\n    at Query.run (C:\\Users\\DevEnv\\Desktop\\web_development\\Projects\\groupChatApp\\node_modules\\sequelize\\lib\\dialects\\mysql\\query.js:52:25)\n    at C:\\Users\\DevEnv\\Desktop\\web_development\\Projects\\groupChatApp\\node_modules\\sequelize\\lib\\sequelize.js:315:28\n    at process.processTicksAndRejections (node:internal/process/task_queues:95:5)\n    at async MySQLQueryInterface.select (C:\\Users\\DevEnv\\Desktop\\web_development\\Projects\\groupChatApp\\node_modules\\sequelize\\lib\\dialects\\abstract\\query-interface.js:407:12)\n    at async Message.findAll (C:\\Users\\DevEnv\\Desktop\\web_development\\Projects\\groupChatApp\\node_modules\\sequelize\\lib\\model.js:1140:21)\n    at async exports.msgListControllerGet (C:\\Users\\DevEnv\\Desktop\\web_development\\Projects\\groupChatApp\\controller\\msgListController.js:9:24)"},"msg":"Table 'group-chat.messages' doesn't exist","time":"2023-11-29T19:04:16.166Z","v":0}
{"name":"group-chat v1.0","hostname":"DESKTOP-MV9F3HU","pid":23244,"level":50,"err":{"message":"Table 'group-chat.messages' doesn't exist","name":"SequelizeDatabaseError","stack":"Error\n    at Query.run (C:\\Users\\DevEnv\\Desktop\\web_development\\Projects\\groupChatApp\\node_modules\\sequelize\\lib\\dialects\\mysql\\query.js:52:25)\n    at C:\\Users\\DevEnv\\Desktop\\web_development\\Projects\\groupChatApp\\node_modules\\sequelize\\lib\\sequelize.js:315:28\n    at process.processTicksAndRejections (node:internal/process/task_queues:95:5)\n    at async MySQLQueryInterface.insert (C:\\Users\\DevEnv\\Desktop\\web_development\\Projects\\groupChatApp\\node_modules\\sequelize\\lib\\dialects\\abstract\\query-interface.js:308:21)\n    at async model.save (C:\\Users\\DevEnv\\Desktop\\web_development\\Projects\\groupChatApp\\node_modules\\sequelize\\lib\\model.js:2490:35)\n    at async Message.create (C:\\Users\\DevEnv\\Desktop\\web_development\\Projects\\groupChatApp\\node_modules\\sequelize\\lib\\model.js:1362:12)\n    at async exports.msgControllerPost (C:\\Users\\DevEnv\\Desktop\\web_development\\Projects\\groupChatApp\\controller\\msgController.js:39:24)"},"msg":"Table 'group-chat.messages' doesn't exist","time":"2023-11-29T19:04:18.501Z","v":0}
{"name":"group-chat v1.0","hostname":"DESKTOP-MV9F3HU","pid":23244,"level":50,"err":{"message":"Table 'group-chat.messages' doesn't exist","name":"SequelizeDatabaseError","stack":"Error\n    at Query.run (C:\\Users\\DevEnv\\Desktop\\web_development\\Projects\\groupChatApp\\node_modules\\sequelize\\lib\\dialects\\mysql\\query.js:52:25)\n    at C:\\Users\\DevEnv\\Desktop\\web_development\\Projects\\groupChatApp\\node_modules\\sequelize\\lib\\sequelize.js:315:28\n    at process.processTicksAndRejections (node:internal/process/task_queues:95:5)\n    at async MySQLQueryInterface.select (C:\\Users\\DevEnv\\Desktop\\web_development\\Projects\\groupChatApp\\node_modules\\sequelize\\lib\\dialects\\abstract\\query-interface.js:407:12)\n    at async Message.findAll (C:\\Users\\DevEnv\\Desktop\\web_development\\Projects\\groupChatApp\\node_modules\\sequelize\\lib\\model.js:1140:21)\n    at async exports.msgListControllerGet (C:\\Users\\DevEnv\\Desktop\\web_development\\Projects\\groupChatApp\\controller\\msgListController.js:9:24)"},"msg":"Table 'group-chat.messages' doesn't exist","time":"2023-11-29T19:04:23.632Z","v":0}
{"name":"group-chat v1.0","hostname":"DESKTOP-MV9F3HU","pid":23244,"level":50,"err":{"message":"Table 'group-chat.messages' doesn't exist","name":"SequelizeDatabaseError","stack":"Error\n    at Query.run (C:\\Users\\DevEnv\\Desktop\\web_development\\Projects\\groupChatApp\\node_modules\\sequelize\\lib\\dialects\\mysql\\query.js:52:25)\n    at C:\\Users\\DevEnv\\Desktop\\web_development\\Projects\\groupChatApp\\node_modules\\sequelize\\lib\\sequelize.js:315:28\n    at process.processTicksAndRejections (node:internal/process/task_queues:95:5)\n    at async MySQLQueryInterface.select (C:\\Users\\DevEnv\\Desktop\\web_development\\Projects\\groupChatApp\\node_modules\\sequelize\\lib\\dialects\\abstract\\query-interface.js:407:12)\n    at async Message.findAll (C:\\Users\\DevEnv\\Desktop\\web_development\\Projects\\groupChatApp\\node_modules\\sequelize\\lib\\model.js:1140:21)\n    at async exports.msgListControllerGet (C:\\Users\\DevEnv\\Desktop\\web_development\\Projects\\groupChatApp\\controller\\msgListController.js:9:24)"},"msg":"Table 'group-chat.messages' doesn't exist","time":"2023-11-29T19:04:52.372Z","v":0}
{"name":"group-chat v1.0","hostname":"DESKTOP-MV9F3HU","pid":7984,"level":30,"msg":"server is running on http://localhost:3000","time":"2023-11-29T19:06:08.327Z","v":0}
{"name":"group-chat v1.0","hostname":"DESKTOP-MV9F3HU","pid":11644,"level":30,"msg":"server is running on http://localhost:3000","time":"2023-11-29T19:07:58.260Z","v":0}
{"name":"group-chat v1.0","hostname":"DESKTOP-MV9F3HU","pid":30408,"level":30,"msg":"server is running on http://localhost:3000","time":"2023-11-29T19:08:19.786Z","v":0}
{"name":"group-chat v1.0","hostname":"DESKTOP-MV9F3HU","pid":36276,"level":30,"msg":"server is running on http://localhost:3000","time":"2023-11-29T19:09:06.646Z","v":0}
{"name":"group-chat v1.0","hostname":"DESKTOP-MV9F3HU","pid":32216,"level":30,"msg":"server is running on http://localhost:3000","time":"2023-11-29T19:10:19.994Z","v":0}
{"name":"group-chat v1.0","hostname":"DESKTOP-MV9F3HU","pid":30232,"level":30,"msg":"server is running on http://localhost:3000","time":"2023-11-29T19:10:46.122Z","v":0}
{"name":"group-chat v1.0","hostname":"DESKTOP-MV9F3HU","pid":10032,"level":30,"msg":"server is running on http://localhost:3000","time":"2023-11-29T19:14:09.768Z","v":0}
{"name":"group-chat v1.0","hostname":"DESKTOP-MV9F3HU","pid":4796,"level":30,"msg":"server is running on http://localhost:3000","time":"2023-11-29T19:14:12.029Z","v":0}
{"name":"group-chat v1.0","hostname":"DESKTOP-MV9F3HU","pid":35096,"level":30,"msg":"server is running on http://localhost:3000","time":"2023-11-29T19:14:56.599Z","v":0}
{"name":"group-chat v1.0","hostname":"DESKTOP-MV9F3HU","pid":33256,"level":30,"msg":"server is running on http://localhost:3000","time":"2023-11-29T19:18:15.604Z","v":0}
{"name":"group-chat v1.0","hostname":"DESKTOP-MV9F3HU","pid":18548,"level":30,"msg":"server is running on http://localhost:3000","time":"2023-11-29T19:19:02.260Z","v":0}
{"name":"group-chat v1.0","hostname":"DESKTOP-MV9F3HU","pid":31740,"level":30,"msg":"server is running on http://localhost:3000","time":"2023-11-29T19:22:44.885Z","v":0}
{"name":"group-chat v1.0","hostname":"DESKTOP-MV9F3HU","pid":21068,"level":30,"msg":"server is running on http://localhost:3000","time":"2023-11-29T19:23:03.469Z","v":0}
{"name":"group-chat v1.0","hostname":"DESKTOP-MV9F3HU","pid":32988,"level":30,"msg":"server is running on http://localhost:3000","time":"2023-11-29T19:26:54.862Z","v":0}
{"name":"group-chat v1.0","hostname":"DESKTOP-MV9F3HU","pid":12836,"level":30,"msg":"server is running on http://localhost:3000","time":"2023-11-29T19:27:09.572Z","v":0}
{"name":"group-chat v1.0","hostname":"DESKTOP-MV9F3HU","pid":33552,"level":30,"msg":"server is running on http://localhost:3000","time":"2023-11-29T19:28:36.044Z","v":0}
{"name":"group-chat v1.0","hostname":"DESKTOP-MV9F3HU","pid":33044,"level":30,"msg":"server is running on http://localhost:3000","time":"2023-11-29T19:31:22.182Z","v":0}
{"name":"group-chat v1.0","hostname":"DESKTOP-MV9F3HU","pid":34516,"level":30,"msg":"server is running on http://localhost:3000","time":"2023-11-29T19:31:32.929Z","v":0}
{"name":"group-chat v1.0","hostname":"DESKTOP-MV9F3HU","pid":15348,"level":30,"msg":"server is running on http://localhost:3000","time":"2023-11-29T19:31:47.903Z","v":0}
{"name":"group-chat v1.0","hostname":"DESKTOP-MV9F3HU","pid":12848,"level":30,"msg":"server is running on http://localhost:3000","time":"2023-11-29T19:32:02.087Z","v":0}
{"name":"group-chat v1.0","hostname":"DESKTOP-MV9F3HU","pid":35612,"level":30,"msg":"server is running on http://localhost:3000","time":"2023-11-29T19:32:32.330Z","v":0}
{"name":"group-chat v1.0","hostname":"DESKTOP-MV9F3HU","pid":18732,"level":30,"msg":"server is running on http://localhost:3000","time":"2023-11-29T19:37:17.500Z","v":0}
{"name":"group-chat v1.0","hostname":"DESKTOP-MV9F3HU","pid":34404,"level":30,"msg":"server is running on http://localhost:3000","time":"2023-11-29T19:37:49.296Z","v":0}
{"name":"group-chat v1.0","hostname":"DESKTOP-MV9F3HU","pid":27928,"level":30,"msg":"server is running on http://localhost:3000","time":"2023-11-29T19:38:18.732Z","v":0}
{"name":"group-chat v1.0","hostname":"DESKTOP-MV9F3HU","pid":18608,"level":30,"msg":"server is running on http://localhost:3000","time":"2023-11-29T19:39:03.196Z","v":0}
{"name":"group-chat v1.0","hostname":"DESKTOP-MV9F3HU","pid":27436,"level":30,"msg":"server is running on http://localhost:3000","time":"2023-11-29T19:42:20.877Z","v":0}
{"name":"group-chat v1.0","hostname":"DESKTOP-MV9F3HU","pid":34360,"level":30,"msg":"server is running on http://localhost:3000","time":"2023-11-29T19:43:01.863Z","v":0}
{"name":"group-chat v1.0","hostname":"DESKTOP-MV9F3HU","pid":14564,"level":30,"msg":"server is running on http://localhost:3000","time":"2023-11-29T19:43:18.088Z","v":0}
{"name":"group-chat v1.0","hostname":"DESKTOP-MV9F3HU","pid":29944,"level":30,"msg":"server is running on http://localhost:3000","time":"2023-11-29T19:44:59.485Z","v":0}
{"name":"group-chat v1.0","hostname":"DESKTOP-MV9F3HU","pid":36268,"level":30,"msg":"server is running on http://localhost:3000","time":"2023-11-29T19:45:39.634Z","v":0}
{"name":"group-chat v1.0","hostname":"DESKTOP-MV9F3HU","pid":19732,"level":30,"msg":"server is running on http://localhost:3000","time":"2023-11-29T19:47:52.461Z","v":0}
{"name":"group-chat v1.0","hostname":"DESKTOP-MV9F3HU","pid":32420,"level":30,"msg":"server is running on http://localhost:3000","time":"2023-11-29T19:48:15.439Z","v":0}
{"name":"group-chat v1.0","hostname":"DESKTOP-MV9F3HU","pid":31372,"level":30,"msg":"server is running on http://localhost:3000","time":"2023-11-29T19:48:29.338Z","v":0}
{"name":"group-chat v1.0","hostname":"DESKTOP-MV9F3HU","pid":34368,"level":30,"msg":"server is running on http://localhost:3000","time":"2023-11-29T19:49:31.610Z","v":0}
{"name":"group-chat v1.0","hostname":"DESKTOP-MV9F3HU","pid":33052,"level":30,"msg":"server is running on http://localhost:3000","time":"2023-11-29T19:51:54.779Z","v":0}
{"name":"group-chat v1.0","hostname":"DESKTOP-MV9F3HU","pid":34720,"level":30,"msg":"server is running on http://localhost:3000","time":"2023-11-29T19:52:45.157Z","v":0}
{"name":"group-chat v1.0","hostname":"DESKTOP-MV9F3HU","pid":30904,"level":30,"msg":"server is running on http://localhost:3000","time":"2023-11-29T19:53:39.958Z","v":0}
{"name":"group-chat v1.0","hostname":"DESKTOP-MV9F3HU","pid":31552,"level":30,"msg":"server is running on http://localhost:3000","time":"2023-11-29T19:53:48.994Z","v":0}
{"name":"group-chat v1.0","hostname":"DESKTOP-MV9F3HU","pid":14952,"level":30,"msg":"server is running on http://localhost:3000","time":"2023-11-29T19:54:29.449Z","v":0}
{"name":"group-chat v1.0","hostname":"DESKTOP-MV9F3HU","pid":20072,"level":30,"msg":"server is running on http://localhost:3000","time":"2023-11-29T19:57:06.691Z","v":0}
{"name":"group-chat v1.0","hostname":"DESKTOP-MV9F3HU","pid":30000,"level":30,"msg":"server is running on http://localhost:3000","time":"2023-11-29T19:58:08.233Z","v":0}
{"name":"group-chat v1.0","hostname":"DESKTOP-MV9F3HU","pid":29500,"level":30,"msg":"server is running on http://localhost:3000","time":"2023-11-29T20:01:19.581Z","v":0}
{"name":"group-chat v1.0","hostname":"DESKTOP-MV9F3HU","pid":27816,"level":30,"msg":"server is running on http://localhost:3000","time":"2023-11-29T20:10:19.428Z","v":0}
{"name":"group-chat v1.0","hostname":"DESKTOP-MV9F3HU","pid":26588,"level":30,"msg":"server is running on http://localhost:3000","time":"2023-11-29T20:10:24.399Z","v":0}
{"name":"group-chat v1.0","hostname":"DESKTOP-MV9F3HU","pid":17216,"level":30,"msg":"server is running on http://localhost:3000","time":"2023-11-29T20:11:00.273Z","v":0}
{"name":"group-chat v1.0","hostname":"DESKTOP-MV9F3HU","pid":28712,"level":30,"msg":"server is running on http://localhost:3000","time":"2023-11-29T20:12:20.653Z","v":0}
{"name":"group-chat v1.0","hostname":"DESKTOP-MV9F3HU","pid":33448,"level":30,"msg":"server is running on http://localhost:3000","time":"2023-11-29T20:12:34.546Z","v":0}
{"name":"group-chat v1.0","hostname":"DESKTOP-MV9F3HU","pid":25300,"level":30,"msg":"server is running on http://localhost:3000","time":"2023-11-29T20:12:55.840Z","v":0}
{"name":"group-chat v1.0","hostname":"DESKTOP-MV9F3HU","pid":32056,"level":30,"msg":"server is running on http://localhost:3000","time":"2023-11-29T20:13:16.358Z","v":0}
{"name":"group-chat v1.0","hostname":"DESKTOP-MV9F3HU","pid":2140,"level":30,"msg":"server is running on http://localhost:3000","time":"2023-11-29T20:13:39.714Z","v":0}
{"name":"group-chat v1.0","hostname":"DESKTOP-MV9F3HU","pid":13692,"level":30,"msg":"server is running on http://localhost:3000","time":"2023-11-29T20:14:20.682Z","v":0}
{"name":"group-chat v1.0","hostname":"DESKTOP-MV9F3HU","pid":10728,"level":30,"msg":"server is running on http://localhost:3000","time":"2023-11-29T20:14:50.342Z","v":0}
{"name":"group-chat v1.0","hostname":"DESKTOP-MV9F3HU","pid":29228,"level":30,"msg":"server is running on http://localhost:3000","time":"2023-11-29T20:15:51.336Z","v":0}
{"name":"group-chat v1.0","hostname":"DESKTOP-MV9F3HU","pid":4868,"level":30,"msg":"server is running on http://localhost:3000","time":"2023-11-29T20:19:53.011Z","v":0}
{"name":"group-chat v1.0","hostname":"DESKTOP-MV9F3HU","pid":34440,"level":30,"msg":"server is running on http://localhost:3000","time":"2023-11-29T20:22:42.330Z","v":0}
{"name":"group-chat v1.0","hostname":"DESKTOP-MV9F3HU","pid":27556,"level":30,"msg":"server is running on http://localhost:3000","time":"2023-11-29T20:23:47.215Z","v":0}
{"name":"group-chat v1.0","hostname":"DESKTOP-MV9F3HU","pid":14932,"level":30,"msg":"server is running on http://localhost:3000","time":"2023-11-29T20:24:04.168Z","v":0}
{"name":"group-chat v1.0","hostname":"DESKTOP-MV9F3HU","pid":31608,"level":30,"msg":"server is running on http://localhost:3000","time":"2023-11-29T20:24:18.518Z","v":0}
{"name":"group-chat v1.0","hostname":"DESKTOP-MV9F3HU","pid":11432,"level":30,"msg":"server is running on http://localhost:3000","time":"2023-11-29T20:26:57.541Z","v":0}
{"name":"group-chat v1.0","hostname":"DESKTOP-MV9F3HU","pid":30704,"level":30,"msg":"server is running on http://localhost:3000","time":"2023-11-29T20:27:29.035Z","v":0}
{"name":"group-chat v1.0","hostname":"DESKTOP-MV9F3HU","pid":16680,"level":30,"msg":"server is running on http://localhost:3000","time":"2023-11-29T20:30:16.789Z","v":0}
{"name":"group-chat v1.0","hostname":"DESKTOP-MV9F3HU","pid":6940,"level":30,"msg":"server is running on http://localhost:3000","time":"2023-11-29T20:30:33.355Z","v":0}
